[2025-06-06T12:19:31.315+0000] {taskinstance.py:1956} INFO - Dependencies all met for dep_context=non-requeueable deps ti=<TaskInstance: deep_models_pipeline.predict_best_model_user manual__2025-06-06T12:05:57.486817+00:00 [queued]>
[2025-06-06T12:19:31.323+0000] {taskinstance.py:1956} INFO - Dependencies all met for dep_context=requeueable deps ti=<TaskInstance: deep_models_pipeline.predict_best_model_user manual__2025-06-06T12:05:57.486817+00:00 [queued]>
[2025-06-06T12:19:31.324+0000] {taskinstance.py:2170} INFO - Starting attempt 3 of 3
[2025-06-06T12:19:31.334+0000] {taskinstance.py:2191} INFO - Executing <Task(PythonOperator): predict_best_model_user> on 2025-06-06 12:05:57.486817+00:00
[2025-06-06T12:19:31.339+0000] {standard_task_runner.py:60} INFO - Started process 2536 to run task
[2025-06-06T12:19:31.341+0000] {standard_task_runner.py:87} INFO - Running: ['***', 'tasks', 'run', 'deep_models_pipeline', 'predict_best_model_user', 'manual__2025-06-06T12:05:57.486817+00:00', '--job-id', '2187', '--raw', '--subdir', 'DAGS_FOLDER/train_deep_model_dag.py', '--cfg-path', '/tmp/tmpf06oely6']
[2025-06-06T12:19:31.342+0000] {standard_task_runner.py:88} INFO - Job 2187: Subtask predict_best_model_user
[2025-06-06T12:19:31.372+0000] {task_command.py:423} INFO - Running <TaskInstance: deep_models_pipeline.predict_best_model_user manual__2025-06-06T12:05:57.486817+00:00 [running]> on host 9ad8faa7a938
[2025-06-06T12:19:31.423+0000] {taskinstance.py:2480} INFO - Exporting env vars: AIRFLOW_CTX_DAG_OWNER='***' AIRFLOW_CTX_DAG_ID='deep_models_pipeline' AIRFLOW_CTX_TASK_ID='predict_best_model_user' AIRFLOW_CTX_EXECUTION_DATE='2025-06-06T12:05:57.486817+00:00' AIRFLOW_CTX_TRY_NUMBER='3' AIRFLOW_CTX_DAG_RUN_ID='manual__2025-06-06T12:05:57.486817+00:00'
[2025-06-06T12:19:31.425+0000] {train_deep_model_dag.py:13} INFO - üü¶ Running command: python /opt/***/src/models/predict_best_model.py --model_type=user --pipeline_type=dl --n_users=100
[2025-06-06T12:19:43.758+0000] {train_deep_model_dag.py:20} INFO - üü© [stdout]:

[2025-06-06T12:19:43.758+0000] {train_deep_model_dag.py:22} WARNING - üü® [stderr]:
2025-06-06 12:19:33,238 - INFO - üöÄ Starte Prediction √ºber MLflow Registry ‚Äì Typ: user, Pipeline: dl
2025-06-06 12:19:33,241 - INFO - üì¶ Lade Modell aus MLflow Registry: models:/user_deep_model@best_model

Downloading artifacts:   0%|          | 0/8 [00:00<?, ?it/s]
Downloading artifacts:  12%|‚ñà‚ñé        | 1/8 [00:00<00:00, 9845.78it/s]
Downloading artifacts:  25%|‚ñà‚ñà‚ñå       | 2/8 [00:00<00:01,  5.62it/s]  
Downloading artifacts:  25%|‚ñà‚ñà‚ñå       | 2/8 [00:00<00:01,  5.62it/s]
Downloading artifacts:  38%|‚ñà‚ñà‚ñà‚ñä      | 3/8 [00:00<00:00,  5.62it/s]
Downloading artifacts:  50%|‚ñà‚ñà‚ñà‚ñà‚ñà     | 4/8 [00:00<00:00,  5.62it/s]
Downloading artifacts:  62%|‚ñà‚ñà‚ñà‚ñà‚ñà‚ñà‚ñé   | 5/8 [00:01<00:01,  2.95it/s]
Downloading artifacts:  62%|‚ñà‚ñà‚ñà‚ñà‚ñà‚ñà‚ñé   | 5/8 [00:01<00:01,  2.95it/s]
Downloading artifacts:  75%|‚ñà‚ñà‚ñà‚ñà‚ñà‚ñà‚ñà‚ñå  | 6/8 [00:02<00:00,  2.16it/s]
Downloading artifacts:  75%|‚ñà‚ñà‚ñà‚ñà‚ñà‚ñà‚ñà‚ñå  | 6/8 [00:02<00:00,  2.16it/s]
Downloading artifacts:  88%|‚ñà‚ñà‚ñà‚ñà‚ñà‚ñà‚ñà‚ñà‚ñä | 7/8 [00:04<00:00,  1.20it/s]
Downloading artifacts:  88%|‚ñà‚ñà‚ñà‚ñà‚ñà‚ñà‚ñà‚ñà‚ñä | 7/8 [00:04<00:00,  1.20it/s]
Downloading artifacts: 100%|‚ñà‚ñà‚ñà‚ñà‚ñà‚ñà‚ñà‚ñà‚ñà‚ñà| 8/8 [00:07<00:00,  1.37s/it]
Downloading artifacts: 100%|‚ñà‚ñà‚ñà‚ñà‚ñà‚ñà‚ñà‚ñà‚ñà‚ñà| 8/8 [00:07<00:00,  1.37s/it]
Downloading artifacts: 100%|‚ñà‚ñà‚ñà‚ñà‚ñà‚ñà‚ñà‚ñà‚ñà‚ñà| 8/8 [00:07<00:00,  1.12it/s]
2025-06-06 12:19:43,338 - INFO - üì• Eingabematrix geladen: /opt/***/data/processed/user_deep_embedding.csv ‚Äì Shape: (138493, 32)
2025-06-06 12:19:43,356 - ERROR - ‚ùå Fehler bei der Modellvorhersage: Failed to enforce schema of data '            0         1         2  ...        29        30        31
1   -0.012880 -0.262075 -0.225829  ... -0.418963 -0.027272 -0.179555
2   -0.015641 -0.238684 -0.350372  ... -0.401638 -0.110633 -0.115773
3   -0.028346 -0.235660 -0.278750  ... -0.498360 -0.065007 -0.077104
4   -0.159806 -0.263737 -0.056980  ... -0.167109 -0.071951 -0.078406
5    0.122289 -0.285016  0.013348  ... -0.198925  0.053915 -0.004500
..        ...       ...       ...  ...       ...       ...       ...
96   0.012526 -0.297915 -0.046251  ... -0.274176 -0.011334 -0.056537
97   0.286645 -0.171155  0.373901  ... -0.207170  0.060375  0.174514
98   0.102523 -0.316216 -0.225651  ... -0.342250  0.012694 -0.117435
99  -0.100817 -0.137210  0.128772  ... -0.260897 -0.157855  0.119701
100 -0.031772 -0.227848  0.110174  ... -0.227762 -0.006174  0.081357

[100 rows x 32 columns]' with schema '['emb_0': float (required), 'emb_1': float (required), 'emb_2': float (required), 'emb_3': float (required), 'emb_4': float (required), 'emb_5': float (required), 'emb_6': float (required), 'emb_7': float (required), 'emb_8': float (required), 'emb_9': float (required), 'emb_10': float (required), 'emb_11': float (required), 'emb_12': float (required), 'emb_13': float (required), 'emb_14': float (required), 'emb_15': float (required), 'emb_16': float (required), 'emb_17': float (required), 'emb_18': float (required), 'emb_19': float (required), 'emb_20': float (required), 'emb_21': float (required), 'emb_22': float (required), 'emb_23': float (required), 'emb_24': float (required), 'emb_25': float (required), 'emb_26': float (required), 'emb_27': float (required), 'emb_28': float (required), 'emb_29': float (required), 'emb_30': float (required), 'emb_31': float (required)]'. Error: Model is missing inputs ['emb_0', 'emb_1', 'emb_2', 'emb_3', 'emb_4', 'emb_5', 'emb_6', 'emb_7', 'emb_8', 'emb_9', 'emb_10', 'emb_11', 'emb_12', 'emb_13', 'emb_14', 'emb_15', 'emb_16', 'emb_17', 'emb_18', 'emb_19', 'emb_20', 'emb_21', 'emb_22', 'emb_23', 'emb_24', 'emb_25', 'emb_26', 'emb_27', 'emb_28', 'emb_29', 'emb_30', 'emb_31']. Note that there were extra inputs: ['16', '25', '18', '1', '22', '8', '14', '11', '2', '9', '29', '17', '0', '4', '3', '19', '5', '6', '7', '12', '23', '15', '10', '21', '24', '30', '28', '13', '27', '31', '20', '26']
Traceback (most recent call last):
  File "/home/***/.local/lib/python3.10/site-packages/mlflow/pyfunc/__init__.py", line 730, in _validate_prediction_input
    data = _enforce_schema(data, input_schema, flavor)
  File "/home/***/.local/lib/python3.10/site-packages/mlflow/models/utils.py", line 1259, in _enforce_schema
    raise MlflowException(message)
mlflow.exceptions.MlflowException: Model is missing inputs ['emb_0', 'emb_1', 'emb_2', 'emb_3', 'emb_4', 'emb_5', 'emb_6', 'emb_7', 'emb_8', 'emb_9', 'emb_10', 'emb_11', 'emb_12', 'emb_13', 'emb_14', 'emb_15', 'emb_16', 'emb_17', 'emb_18', 'emb_19', 'emb_20', 'emb_21', 'emb_22', 'emb_23', 'emb_24', 'emb_25', 'emb_26', 'emb_27', 'emb_28', 'emb_29', 'emb_30', 'emb_31']. Note that there were extra inputs: ['16', '25', '18', '1', '22', '8', '14', '11', '2', '9', '29', '17', '0', '4', '3', '19', '5', '6', '7', '12', '23', '15', '10', '21', '24', '30', '28', '13', '27', '31', '20', '26']

During handling of the above exception, another exception occurred:

Traceback (most recent call last):
  File "/opt/***/src/models/predict_best_model.py", line 130, in <module>
    predict_best_model(model_type=args.model_type, pipeline_type=args.pipeline_type, n_users=args.n_users)
  File "/opt/***/src/models/predict_best_model.py", line 85, in predict_best_model
    predictions = model.predict(input_df)
  File "/home/***/.local/lib/python3.10/site-packages/mlflow/pyfunc/__init__.py", line 812, in predict
    return self._predict(data, params)
  File "/home/***/.local/lib/python3.10/site-packages/mlflow/pyfunc/__init__.py", line 851, in _predict
    data, params = _validate_prediction_input(
  File "/home/***/.local/lib/python3.10/site-packages/mlflow/pyfunc/__init__.py", line 733, in _validate_prediction_input
    raise MlflowException.invalid_parameter_value(
mlflow.exceptions.MlflowException: Failed to enforce schema of data '            0         1         2  ...        29        30        31
1   -0.012880 -0.262075 -0.225829  ... -0.418963 -0.027272 -0.179555
2   -0.015641 -0.238684 -0.350372  ... -0.401638 -0.110633 -0.115773
3   -0.028346 -0.235660 -0.278750  ... -0.498360 -0.065007 -0.077104
4   -0.159806 -0.263737 -0.056980  ... -0.167109 -0.071951 -0.078406
5    0.122289 -0.285016  0.013348  ... -0.198925  0.053915 -0.004500
..        ...       ...       ...  ...       ...       ...       ...
96   0.012526 -0.297915 -0.046251  ... -0.274176 -0.011334 -0.056537
97   0.286645 -0.171155  0.373901  ... -0.207170  0.060375  0.174514
98   0.102523 -0.316216 -0.225651  ... -0.342250  0.012694 -0.117435
99  -0.100817 -0.137210  0.128772  ... -0.260897 -0.157855  0.119701
100 -0.031772 -0.227848  0.110174  ... -0.227762 -0.006174  0.081357

[100 rows x 32 columns]' with schema '['emb_0': float (required), 'emb_1': float (required), 'emb_2': float (required), 'emb_3': float (required), 'emb_4': float (required), 'emb_5': float (required), 'emb_6': float (required), 'emb_7': float (required), 'emb_8': float (required), 'emb_9': float (required), 'emb_10': float (required), 'emb_11': float (required), 'emb_12': float (required), 'emb_13': float (required), 'emb_14': float (required), 'emb_15': float (required), 'emb_16': float (required), 'emb_17': float (required), 'emb_18': float (required), 'emb_19': float (required), 'emb_20': float (required), 'emb_21': float (required), 'emb_22': float (required), 'emb_23': float (required), 'emb_24': float (required), 'emb_25': float (required), 'emb_26': float (required), 'emb_27': float (required), 'emb_28': float (required), 'emb_29': float (required), 'emb_30': float (required), 'emb_31': float (required)]'. Error: Model is missing inputs ['emb_0', 'emb_1', 'emb_2', 'emb_3', 'emb_4', 'emb_5', 'emb_6', 'emb_7', 'emb_8', 'emb_9', 'emb_10', 'emb_11', 'emb_12', 'emb_13', 'emb_14', 'emb_15', 'emb_16', 'emb_17', 'emb_18', 'emb_19', 'emb_20', 'emb_21', 'emb_22', 'emb_23', 'emb_24', 'emb_25', 'emb_26', 'emb_27', 'emb_28', 'emb_29', 'emb_30', 'emb_31']. Note that there were extra inputs: ['16', '25', '18', '1', '22', '8', '14', '11', '2', '9', '29', '17', '0', '4', '3', '19', '5', '6', '7', '12', '23', '15', '10', '21', '24', '30', '28', '13', '27', '31', '20', '26']

[2025-06-06T12:19:43.759+0000] {train_deep_model_dag.py:29} ERROR - ‚ùå Subprozess-Fehler (exit code 1): python /opt/***/src/models/predict_best_model.py --model_type=user --pipeline_type=dl --n_users=100
[2025-06-06T12:19:43.759+0000] {train_deep_model_dag.py:32} ERROR - ‚ùå Subprozess-Ausnahme: Command '['python', '/opt/***/src/models/predict_best_model.py', '--model_type=user', '--pipeline_type=dl', '--n_users=100']' returned non-zero exit status 1.
[2025-06-06T12:19:43.760+0000] {taskinstance.py:2698} ERROR - Task failed with exception
Traceback (most recent call last):
  File "/home/airflow/.local/lib/python3.10/site-packages/airflow/models/taskinstance.py", line 433, in _execute_task
    result = execute_callable(context=context, **execute_callable_kwargs)
  File "/home/airflow/.local/lib/python3.10/site-packages/airflow/operators/python.py", line 199, in execute
    return_value = self.execute_callable()
  File "/home/airflow/.local/lib/python3.10/site-packages/airflow/operators/python.py", line 216, in execute_callable
    return self.python_callable(*self.op_args, **self.op_kwargs)
  File "/opt/airflow/dags/train_deep_model_dag.py", line 87, in run_predict_best_model_user_dl
    run_and_log([
  File "/opt/airflow/dags/train_deep_model_dag.py", line 30, in run_and_log
    raise subprocess.CalledProcessError(result.returncode, command)
subprocess.CalledProcessError: Command '['python', '/opt/airflow/src/models/predict_best_model.py', '--model_type=user', '--pipeline_type=dl', '--n_users=100']' returned non-zero exit status 1.
[2025-06-06T12:19:43.769+0000] {taskinstance.py:1138} INFO - Marking task as FAILED. dag_id=deep_models_pipeline, task_id=predict_best_model_user, execution_date=20250606T120557, start_date=20250606T121931, end_date=20250606T121943
[2025-06-06T12:19:43.777+0000] {standard_task_runner.py:107} ERROR - Failed to execute job 2187 for task predict_best_model_user (Command '['python', '/opt/airflow/src/models/predict_best_model.py', '--model_type=user', '--pipeline_type=dl', '--n_users=100']' returned non-zero exit status 1.; 2536)
[2025-06-06T12:19:43.817+0000] {local_task_job_runner.py:234} INFO - Task exited with return code 1
[2025-06-06T12:19:43.829+0000] {taskinstance.py:3280} INFO - 0 downstream tasks scheduled from follow-on schedule check
