[2025-06-02T16:57:27.963+0000] {taskinstance.py:1956} INFO - Dependencies all met for dep_context=non-requeueable deps ti=<TaskInstance: deep_models_pipeline.train_deep_user_model manual__2025-06-02T16:57:26.914104+00:00 [queued]>
[2025-06-02T16:57:27.970+0000] {taskinstance.py:1956} INFO - Dependencies all met for dep_context=requeueable deps ti=<TaskInstance: deep_models_pipeline.train_deep_user_model manual__2025-06-02T16:57:26.914104+00:00 [queued]>
[2025-06-02T16:57:27.970+0000] {taskinstance.py:2170} INFO - Starting attempt 1 of 1
[2025-06-02T16:57:27.982+0000] {taskinstance.py:2191} INFO - Executing <Task(BashOperator): train_deep_user_model> on 2025-06-02 16:57:26.914104+00:00
[2025-06-02T16:57:27.989+0000] {standard_task_runner.py:60} INFO - Started process 200 to run task
[2025-06-02T16:57:27.994+0000] {standard_task_runner.py:87} INFO - Running: ['***', 'tasks', 'run', 'deep_models_pipeline', 'train_deep_user_model', 'manual__2025-06-02T16:57:26.914104+00:00', '--job-id', '1710', '--raw', '--subdir', 'DAGS_FOLDER/train_deep_model_dag.py', '--cfg-path', '/tmp/tmpmxcf163i']
[2025-06-02T16:57:27.996+0000] {standard_task_runner.py:88} INFO - Job 1710: Subtask train_deep_user_model
[2025-06-02T16:57:28.037+0000] {task_command.py:423} INFO - Running <TaskInstance: deep_models_pipeline.train_deep_user_model manual__2025-06-02T16:57:26.914104+00:00 [running]> on host f51e30352e26
[2025-06-02T16:57:28.103+0000] {taskinstance.py:2480} INFO - Exporting env vars: AIRFLOW_CTX_DAG_OWNER='***' AIRFLOW_CTX_DAG_ID='deep_models_pipeline' AIRFLOW_CTX_TASK_ID='train_deep_user_model' AIRFLOW_CTX_EXECUTION_DATE='2025-06-02T16:57:26.914104+00:00' AIRFLOW_CTX_TRY_NUMBER='1' AIRFLOW_CTX_DAG_RUN_ID='manual__2025-06-02T16:57:26.914104+00:00'
[2025-06-02T16:57:28.104+0000] {subprocess.py:63} INFO - Tmp dir root location: /tmp
[2025-06-02T16:57:28.105+0000] {subprocess.py:75} INFO - Running command: ['/usr/bin/bash', '-c', 'python /opt/***/src/models/train_user_deep_model.py']
[2025-06-02T16:57:28.114+0000] {subprocess.py:86} INFO - Output:
[2025-06-02T17:01:39.855+0000] {subprocess.py:93} INFO - urllib3.exceptions.ResponseError: too many 500 error responses
[2025-06-02T17:01:39.856+0000] {subprocess.py:93} INFO - 
[2025-06-02T17:01:39.857+0000] {subprocess.py:93} INFO - The above exception was the direct cause of the following exception:
[2025-06-02T17:01:39.857+0000] {subprocess.py:93} INFO - 
[2025-06-02T17:01:39.857+0000] {subprocess.py:93} INFO - Traceback (most recent call last):
[2025-06-02T17:01:39.857+0000] {subprocess.py:93} INFO -   File "/home/***/.local/lib/python3.10/site-packages/requests/adapters.py", line 486, in send
[2025-06-02T17:01:39.858+0000] {subprocess.py:93} INFO -     resp = conn.urlopen(
[2025-06-02T17:01:39.858+0000] {subprocess.py:93} INFO -   File "/home/***/.local/lib/python3.10/site-packages/urllib3/connectionpool.py", line 946, in urlopen
[2025-06-02T17:01:39.858+0000] {subprocess.py:93} INFO -     return self.urlopen(
[2025-06-02T17:01:39.859+0000] {subprocess.py:93} INFO -   File "/home/***/.local/lib/python3.10/site-packages/urllib3/connectionpool.py", line 946, in urlopen
[2025-06-02T17:01:39.859+0000] {subprocess.py:93} INFO -     return self.urlopen(
[2025-06-02T17:01:39.859+0000] {subprocess.py:93} INFO -   File "/home/***/.local/lib/python3.10/site-packages/urllib3/connectionpool.py", line 946, in urlopen
[2025-06-02T17:01:39.859+0000] {subprocess.py:93} INFO -     return self.urlopen(
[2025-06-02T17:01:39.860+0000] {subprocess.py:93} INFO -   [Previous line repeated 4 more times]
[2025-06-02T17:01:39.860+0000] {subprocess.py:93} INFO -   File "/home/***/.local/lib/python3.10/site-packages/urllib3/connectionpool.py", line 936, in urlopen
[2025-06-02T17:01:39.860+0000] {subprocess.py:93} INFO -     retries = retries.increment(method, url, response=response, _pool=self)
[2025-06-02T17:01:39.860+0000] {subprocess.py:93} INFO -   File "/home/***/.local/lib/python3.10/site-packages/urllib3/util/retry.py", line 515, in increment
[2025-06-02T17:01:39.861+0000] {subprocess.py:93} INFO -     raise MaxRetryError(_pool, url, reason) from reason  # type: ignore[arg-type]
[2025-06-02T17:01:39.861+0000] {subprocess.py:93} INFO - urllib3.exceptions.MaxRetryError: HTTPSConnectionPool(host='dagshub.com', port=443): Max retries exceeded with url: /sacer11/MLOps_movie_rec_apr25.mlflow/api/2.0/mlflow/experiments/get-by-name?experiment_name=movie_user_deep_model (Caused by ResponseError('too many 500 error responses'))
[2025-06-02T17:01:39.862+0000] {subprocess.py:93} INFO - 
[2025-06-02T17:01:39.862+0000] {subprocess.py:93} INFO - During handling of the above exception, another exception occurred:
[2025-06-02T17:01:39.862+0000] {subprocess.py:93} INFO - 
[2025-06-02T17:01:39.863+0000] {subprocess.py:93} INFO - Traceback (most recent call last):
[2025-06-02T17:01:39.863+0000] {subprocess.py:93} INFO -   File "/home/***/.local/lib/python3.10/site-packages/mlflow/utils/rest_utils.py", line 184, in http_request
[2025-06-02T17:01:39.889+0000] {subprocess.py:93} INFO -     return _get_http_response_with_retries(
[2025-06-02T17:01:39.890+0000] {subprocess.py:93} INFO -   File "/home/***/.local/lib/python3.10/site-packages/mlflow/utils/request_utils.py", line 237, in _get_http_response_with_retries
[2025-06-02T17:01:39.890+0000] {subprocess.py:93} INFO -     return session.request(method, url, allow_redirects=allow_redirects, **kwargs)
[2025-06-02T17:01:39.891+0000] {subprocess.py:93} INFO -   File "/home/***/.local/lib/python3.10/site-packages/requests/sessions.py", line 589, in request
[2025-06-02T17:01:39.891+0000] {subprocess.py:93} INFO -     resp = self.send(prep, **send_kwargs)
[2025-06-02T17:01:39.892+0000] {subprocess.py:93} INFO -   File "/home/***/.local/lib/python3.10/site-packages/requests/sessions.py", line 703, in send
[2025-06-02T17:01:39.892+0000] {subprocess.py:93} INFO -     r = adapter.send(request, **kwargs)
[2025-06-02T17:01:39.892+0000] {subprocess.py:93} INFO -   File "/home/***/.local/lib/python3.10/site-packages/requests/adapters.py", line 510, in send
[2025-06-02T17:01:39.893+0000] {subprocess.py:93} INFO -     raise RetryError(e, request=request)
[2025-06-02T17:01:39.893+0000] {subprocess.py:93} INFO - requests.exceptions.RetryError: HTTPSConnectionPool(host='dagshub.com', port=443): Max retries exceeded with url: /sacer11/MLOps_movie_rec_apr25.mlflow/api/2.0/mlflow/experiments/get-by-name?experiment_name=movie_user_deep_model (Caused by ResponseError('too many 500 error responses'))
[2025-06-02T17:01:39.893+0000] {subprocess.py:93} INFO - 
[2025-06-02T17:01:39.894+0000] {subprocess.py:93} INFO - During handling of the above exception, another exception occurred:
[2025-06-02T17:01:39.894+0000] {subprocess.py:93} INFO - 
[2025-06-02T17:01:39.895+0000] {subprocess.py:93} INFO - Traceback (most recent call last):
[2025-06-02T17:01:39.895+0000] {subprocess.py:93} INFO -   File "/opt/***/src/models/train_user_deep_model.py", line 126, in <module>
[2025-06-02T17:01:39.896+0000] {subprocess.py:93} INFO -     main()
[2025-06-02T17:01:39.896+0000] {subprocess.py:93} INFO -   File "/opt/***/src/models/train_user_deep_model.py", line 64, in main
[2025-06-02T17:01:39.898+0000] {subprocess.py:93} INFO -     mlflow.set_experiment("movie_user_deep_model")
[2025-06-02T17:01:39.899+0000] {subprocess.py:93} INFO -   File "/home/***/.local/lib/python3.10/site-packages/mlflow/tracking/fluent.py", line 157, in set_experiment
[2025-06-02T17:01:39.899+0000] {subprocess.py:93} INFO -     experiment = client.get_experiment_by_name(experiment_name)
[2025-06-02T17:01:39.899+0000] {subprocess.py:93} INFO -   File "/home/***/.local/lib/python3.10/site-packages/mlflow/tracking/client.py", line 1703, in get_experiment_by_name
[2025-06-02T17:01:39.900+0000] {subprocess.py:93} INFO -     return self._tracking_client.get_experiment_by_name(name)
[2025-06-02T17:01:39.900+0000] {subprocess.py:93} INFO -   File "/home/***/.local/lib/python3.10/site-packages/mlflow/tracking/_tracking_service/client.py", line 591, in get_experiment_by_name
[2025-06-02T17:01:39.900+0000] {subprocess.py:93} INFO -     return self.store.get_experiment_by_name(name)
[2025-06-02T17:01:39.901+0000] {subprocess.py:93} INFO -   File "/home/***/.local/lib/python3.10/site-packages/mlflow/store/tracking/rest_store.py", line 641, in get_experiment_by_name
[2025-06-02T17:01:39.902+0000] {subprocess.py:93} INFO -     response_proto = self._call_endpoint(GetExperimentByName, req_body)
[2025-06-02T17:01:39.902+0000] {subprocess.py:93} INFO -   File "/home/***/.local/lib/python3.10/site-packages/mlflow/store/tracking/rest_store.py", line 90, in _call_endpoint
[2025-06-02T17:01:39.902+0000] {subprocess.py:93} INFO -     return call_endpoint(self.get_host_creds(), endpoint, method, json_body, response_proto)
[2025-06-02T17:01:39.903+0000] {subprocess.py:93} INFO -   File "/home/***/.local/lib/python3.10/site-packages/mlflow/utils/rest_utils.py", line 397, in call_endpoint
[2025-06-02T17:01:39.903+0000] {subprocess.py:93} INFO -     response = http_request(**call_kwargs)
[2025-06-02T17:01:39.903+0000] {subprocess.py:93} INFO -   File "/home/***/.local/lib/python3.10/site-packages/mlflow/utils/rest_utils.py", line 207, in http_request
[2025-06-02T17:01:39.904+0000] {subprocess.py:93} INFO -     raise MlflowException(f"API request to {url} failed with exception {e}")
[2025-06-02T17:01:39.904+0000] {subprocess.py:93} INFO - mlflow.exceptions.MlflowException: API request to https://dagshub.com/sacer11/MLOps_movie_rec_apr25.mlflow/api/2.0/mlflow/experiments/get-by-name failed with exception HTTPSConnectionPool(host='dagshub.com', port=443): Max retries exceeded with url: /sacer11/MLOps_movie_rec_apr25.mlflow/api/2.0/mlflow/experiments/get-by-name?experiment_name=movie_user_deep_model (Caused by ResponseError('too many 500 error responses'))
[2025-06-02T17:01:40.537+0000] {subprocess.py:97} INFO - Command exited with return code 1
[2025-06-02T17:01:40.548+0000] {taskinstance.py:2698} ERROR - Task failed with exception
Traceback (most recent call last):
  File "/home/airflow/.local/lib/python3.10/site-packages/airflow/models/taskinstance.py", line 433, in _execute_task
    result = execute_callable(context=context, **execute_callable_kwargs)
  File "/home/airflow/.local/lib/python3.10/site-packages/airflow/operators/bash.py", line 212, in execute
    raise AirflowException(
airflow.exceptions.AirflowException: Bash command failed. The command returned a non-zero exit code 1.
[2025-06-02T17:01:40.551+0000] {taskinstance.py:1138} INFO - Marking task as FAILED. dag_id=deep_models_pipeline, task_id=train_deep_user_model, execution_date=20250602T165726, start_date=20250602T165727, end_date=20250602T170140
[2025-06-02T17:01:40.571+0000] {standard_task_runner.py:107} ERROR - Failed to execute job 1710 for task train_deep_user_model (Bash command failed. The command returned a non-zero exit code 1.; 200)
[2025-06-02T17:01:40.580+0000] {local_task_job_runner.py:234} INFO - Task exited with return code 1
[2025-06-02T17:01:40.593+0000] {taskinstance.py:3280} INFO - 0 downstream tasks scheduled from follow-on schedule check
