[2025-06-06T12:18:14.082+0000] {taskinstance.py:1956} INFO - Dependencies all met for dep_context=non-requeueable deps ti=<TaskInstance: deep_models_pipeline.predict_best_model_hybrid manual__2025-06-06T12:05:57.486817+00:00 [queued]>
[2025-06-06T12:18:14.092+0000] {taskinstance.py:1956} INFO - Dependencies all met for dep_context=requeueable deps ti=<TaskInstance: deep_models_pipeline.predict_best_model_hybrid manual__2025-06-06T12:05:57.486817+00:00 [queued]>
[2025-06-06T12:18:14.092+0000] {taskinstance.py:2170} INFO - Starting attempt 3 of 3
[2025-06-06T12:18:14.104+0000] {taskinstance.py:2191} INFO - Executing <Task(PythonOperator): predict_best_model_hybrid> on 2025-06-06 12:05:57.486817+00:00
[2025-06-06T12:18:14.110+0000] {standard_task_runner.py:60} INFO - Started process 2431 to run task
[2025-06-06T12:18:14.113+0000] {standard_task_runner.py:87} INFO - Running: ['***', 'tasks', 'run', 'deep_models_pipeline', 'predict_best_model_hybrid', 'manual__2025-06-06T12:05:57.486817+00:00', '--job-id', '2186', '--raw', '--subdir', 'DAGS_FOLDER/train_deep_model_dag.py', '--cfg-path', '/tmp/tmphlxiuiuo']
[2025-06-06T12:18:14.114+0000] {standard_task_runner.py:88} INFO - Job 2186: Subtask predict_best_model_hybrid
[2025-06-06T12:18:14.153+0000] {task_command.py:423} INFO - Running <TaskInstance: deep_models_pipeline.predict_best_model_hybrid manual__2025-06-06T12:05:57.486817+00:00 [running]> on host 9ad8faa7a938
[2025-06-06T12:18:14.227+0000] {taskinstance.py:2480} INFO - Exporting env vars: AIRFLOW_CTX_DAG_OWNER='***' AIRFLOW_CTX_DAG_ID='deep_models_pipeline' AIRFLOW_CTX_TASK_ID='predict_best_model_hybrid' AIRFLOW_CTX_EXECUTION_DATE='2025-06-06T12:05:57.486817+00:00' AIRFLOW_CTX_TRY_NUMBER='3' AIRFLOW_CTX_DAG_RUN_ID='manual__2025-06-06T12:05:57.486817+00:00'
[2025-06-06T12:18:14.229+0000] {train_deep_model_dag.py:13} INFO - üü¶ Running command: python /opt/***/src/models/predict_best_model.py --model_type=hybrid --pipeline_type=dl --n_users=100
[2025-06-06T12:18:22.316+0000] {train_deep_model_dag.py:20} INFO - üü© [stdout]:

[2025-06-06T12:18:22.317+0000] {train_deep_model_dag.py:22} WARNING - üü® [stderr]:
2025-06-06 12:18:16,323 - INFO - üöÄ Starte Prediction √ºber MLflow Registry ‚Äì Typ: hybrid, Pipeline: dl
2025-06-06 12:18:16,326 - INFO - üì¶ Lade Modell aus MLflow Registry: models:/hybrid_deep_model@best_model

Downloading artifacts:   0%|          | 0/8 [00:00<?, ?it/s]
Downloading artifacts:  12%|‚ñà‚ñé        | 1/8 [00:00<00:00, 11244.78it/s]
Downloading artifacts:  25%|‚ñà‚ñà‚ñå       | 2/8 [00:00<00:00,  8.63it/s]   
Downloading artifacts:  25%|‚ñà‚ñà‚ñå       | 2/8 [00:00<00:00,  8.63it/s]
Downloading artifacts:  38%|‚ñà‚ñà‚ñà‚ñä      | 3/8 [00:00<00:00,  8.63it/s]
Downloading artifacts:  50%|‚ñà‚ñà‚ñà‚ñà‚ñà     | 4/8 [00:00<00:00,  9.00it/s]
Downloading artifacts:  50%|‚ñà‚ñà‚ñà‚ñà‚ñà     | 4/8 [00:00<00:00,  9.00it/s]
Downloading artifacts:  62%|‚ñà‚ñà‚ñà‚ñà‚ñà‚ñà‚ñé   | 5/8 [00:00<00:00,  9.00it/s]
Downloading artifacts:  75%|‚ñà‚ñà‚ñà‚ñà‚ñà‚ñà‚ñà‚ñå  | 6/8 [00:00<00:00,  6.35it/s]
Downloading artifacts:  75%|‚ñà‚ñà‚ñà‚ñà‚ñà‚ñà‚ñà‚ñå  | 6/8 [00:00<00:00,  6.35it/s]
Downloading artifacts:  88%|‚ñà‚ñà‚ñà‚ñà‚ñà‚ñà‚ñà‚ñà‚ñä | 7/8 [00:01<00:00,  5.37it/s]
Downloading artifacts:  88%|‚ñà‚ñà‚ñà‚ñà‚ñà‚ñà‚ñà‚ñà‚ñä | 7/8 [00:01<00:00,  5.37it/s]
Downloading artifacts: 100%|‚ñà‚ñà‚ñà‚ñà‚ñà‚ñà‚ñà‚ñà‚ñà‚ñà| 8/8 [00:02<00:00,  1.81it/s]
Downloading artifacts: 100%|‚ñà‚ñà‚ñà‚ñà‚ñà‚ñà‚ñà‚ñà‚ñà‚ñà| 8/8 [00:02<00:00,  1.81it/s]
Downloading artifacts: 100%|‚ñà‚ñà‚ñà‚ñà‚ñà‚ñà‚ñà‚ñà‚ñà‚ñà| 8/8 [00:02<00:00,  2.92it/s]
2025-06-06 12:18:21,859 - INFO - üì• Eingabematrix geladen: /opt/***/data/processed/hybrid_deep_embedding.csv ‚Äì Shape: (10381, 32)
2025-06-06 12:18:21,875 - ERROR - ‚ùå Fehler bei der Modellvorhersage: Failed to enforce schema of data '            0         1         2  ...        29        30        31
1   -0.758765 -0.655083  0.254999  ...  0.065306  0.280839  0.073946
2   -0.552369 -0.661636  0.097693  ...  0.264489  0.189668 -0.011369
3   -0.398355 -0.352136  0.122265  ...  0.019143  0.039649 -0.320275
4   -0.210338  0.144477  0.024414  ...  0.275148 -0.159718  0.083923
5   -0.250616 -0.256317  0.123243  ... -0.029559 -0.012447 -0.394475
..        ...       ...       ...  ...       ...       ...       ...
98  -0.303850 -0.141509  0.125278  ...  0.139727 -0.058975  0.186289
99  -0.204979 -0.160714  0.005460  ...  0.068593 -0.091576  0.240208
100 -0.304838 -0.297086  0.152914  ...  0.099391 -0.143903  0.252740
101 -0.593610 -0.049863  0.899470  ...  0.144384 -0.152157  0.061800
102 -0.414204 -0.088049  0.290204  ...  0.226706 -0.261079 -0.142285

[100 rows x 32 columns]' with schema '['emb_0': float (required), 'emb_1': float (required), 'emb_2': float (required), 'emb_3': float (required), 'emb_4': float (required), 'emb_5': float (required), 'emb_6': float (required), 'emb_7': float (required), 'emb_8': float (required), 'emb_9': float (required), 'emb_10': float (required), 'emb_11': float (required), 'emb_12': float (required), 'emb_13': float (required), 'emb_14': float (required), 'emb_15': float (required), 'emb_16': float (required), 'emb_17': float (required), 'emb_18': float (required), 'emb_19': float (required), 'emb_20': float (required), 'emb_21': float (required), 'emb_22': float (required), 'emb_23': float (required), 'emb_24': float (required), 'emb_25': float (required), 'emb_26': float (required), 'emb_27': float (required), 'emb_28': float (required), 'emb_29': float (required), 'emb_30': float (required), 'emb_31': float (required)]'. Error: Model is missing inputs ['emb_0', 'emb_1', 'emb_2', 'emb_3', 'emb_4', 'emb_5', 'emb_6', 'emb_7', 'emb_8', 'emb_9', 'emb_10', 'emb_11', 'emb_12', 'emb_13', 'emb_14', 'emb_15', 'emb_16', 'emb_17', 'emb_18', 'emb_19', 'emb_20', 'emb_21', 'emb_22', 'emb_23', 'emb_24', 'emb_25', 'emb_26', 'emb_27', 'emb_28', 'emb_29', 'emb_30', 'emb_31']. Note that there were extra inputs: ['31', '4', '16', '3', '9', '14', '24', '5', '0', '10', '26', '7', '15', '21', '23', '20', '6', '27', '25', '19', '13', '22', '29', '1', '11', '17', '8', '12', '2', '18', '30', '28']
Traceback (most recent call last):
  File "/home/***/.local/lib/python3.10/site-packages/mlflow/pyfunc/__init__.py", line 730, in _validate_prediction_input
    data = _enforce_schema(data, input_schema, flavor)
  File "/home/***/.local/lib/python3.10/site-packages/mlflow/models/utils.py", line 1259, in _enforce_schema
    raise MlflowException(message)
mlflow.exceptions.MlflowException: Model is missing inputs ['emb_0', 'emb_1', 'emb_2', 'emb_3', 'emb_4', 'emb_5', 'emb_6', 'emb_7', 'emb_8', 'emb_9', 'emb_10', 'emb_11', 'emb_12', 'emb_13', 'emb_14', 'emb_15', 'emb_16', 'emb_17', 'emb_18', 'emb_19', 'emb_20', 'emb_21', 'emb_22', 'emb_23', 'emb_24', 'emb_25', 'emb_26', 'emb_27', 'emb_28', 'emb_29', 'emb_30', 'emb_31']. Note that there were extra inputs: ['31', '4', '16', '3', '9', '14', '24', '5', '0', '10', '26', '7', '15', '21', '23', '20', '6', '27', '25', '19', '13', '22', '29', '1', '11', '17', '8', '12', '2', '18', '30', '28']

During handling of the above exception, another exception occurred:

Traceback (most recent call last):
  File "/opt/***/src/models/predict_best_model.py", line 130, in <module>
    predict_best_model(model_type=args.model_type, pipeline_type=args.pipeline_type, n_users=args.n_users)
  File "/opt/***/src/models/predict_best_model.py", line 85, in predict_best_model
    predictions = model.predict(input_df)
  File "/home/***/.local/lib/python3.10/site-packages/mlflow/pyfunc/__init__.py", line 812, in predict
    return self._predict(data, params)
  File "/home/***/.local/lib/python3.10/site-packages/mlflow/pyfunc/__init__.py", line 851, in _predict
    data, params = _validate_prediction_input(
  File "/home/***/.local/lib/python3.10/site-packages/mlflow/pyfunc/__init__.py", line 733, in _validate_prediction_input
    raise MlflowException.invalid_parameter_value(
mlflow.exceptions.MlflowException: Failed to enforce schema of data '            0         1         2  ...        29        30        31
1   -0.758765 -0.655083  0.254999  ...  0.065306  0.280839  0.073946
2   -0.552369 -0.661636  0.097693  ...  0.264489  0.189668 -0.011369
3   -0.398355 -0.352136  0.122265  ...  0.019143  0.039649 -0.320275
4   -0.210338  0.144477  0.024414  ...  0.275148 -0.159718  0.083923
5   -0.250616 -0.256317  0.123243  ... -0.029559 -0.012447 -0.394475
..        ...       ...       ...  ...       ...       ...       ...
98  -0.303850 -0.141509  0.125278  ...  0.139727 -0.058975  0.186289
99  -0.204979 -0.160714  0.005460  ...  0.068593 -0.091576  0.240208
100 -0.304838 -0.297086  0.152914  ...  0.099391 -0.143903  0.252740
101 -0.593610 -0.049863  0.899470  ...  0.144384 -0.152157  0.061800
102 -0.414204 -0.088049  0.290204  ...  0.226706 -0.261079 -0.142285

[100 rows x 32 columns]' with schema '['emb_0': float (required), 'emb_1': float (required), 'emb_2': float (required), 'emb_3': float (required), 'emb_4': float (required), 'emb_5': float (required), 'emb_6': float (required), 'emb_7': float (required), 'emb_8': float (required), 'emb_9': float (required), 'emb_10': float (required), 'emb_11': float (required), 'emb_12': float (required), 'emb_13': float (required), 'emb_14': float (required), 'emb_15': float (required), 'emb_16': float (required), 'emb_17': float (required), 'emb_18': float (required), 'emb_19': float (required), 'emb_20': float (required), 'emb_21': float (required), 'emb_22': float (required), 'emb_23': float (required), 'emb_24': float (required), 'emb_25': float (required), 'emb_26': float (required), 'emb_27': float (required), 'emb_28': float (required), 'emb_29': float (required), 'emb_30': float (required), 'emb_31': float (required)]'. Error: Model is missing inputs ['emb_0', 'emb_1', 'emb_2', 'emb_3', 'emb_4', 'emb_5', 'emb_6', 'emb_7', 'emb_8', 'emb_9', 'emb_10', 'emb_11', 'emb_12', 'emb_13', 'emb_14', 'emb_15', 'emb_16', 'emb_17', 'emb_18', 'emb_19', 'emb_20', 'emb_21', 'emb_22', 'emb_23', 'emb_24', 'emb_25', 'emb_26', 'emb_27', 'emb_28', 'emb_29', 'emb_30', 'emb_31']. Note that there were extra inputs: ['31', '4', '16', '3', '9', '14', '24', '5', '0', '10', '26', '7', '15', '21', '23', '20', '6', '27', '25', '19', '13', '22', '29', '1', '11', '17', '8', '12', '2', '18', '30', '28']

[2025-06-06T12:18:22.317+0000] {train_deep_model_dag.py:29} ERROR - ‚ùå Subprozess-Fehler (exit code 1): python /opt/***/src/models/predict_best_model.py --model_type=hybrid --pipeline_type=dl --n_users=100
[2025-06-06T12:18:22.318+0000] {train_deep_model_dag.py:32} ERROR - ‚ùå Subprozess-Ausnahme: Command '['python', '/opt/***/src/models/predict_best_model.py', '--model_type=hybrid', '--pipeline_type=dl', '--n_users=100']' returned non-zero exit status 1.
[2025-06-06T12:18:22.318+0000] {taskinstance.py:2698} ERROR - Task failed with exception
Traceback (most recent call last):
  File "/home/airflow/.local/lib/python3.10/site-packages/airflow/models/taskinstance.py", line 433, in _execute_task
    result = execute_callable(context=context, **execute_callable_kwargs)
  File "/home/airflow/.local/lib/python3.10/site-packages/airflow/operators/python.py", line 199, in execute
    return_value = self.execute_callable()
  File "/home/airflow/.local/lib/python3.10/site-packages/airflow/operators/python.py", line 216, in execute_callable
    return self.python_callable(*self.op_args, **self.op_kwargs)
  File "/opt/airflow/dags/train_deep_model_dag.py", line 77, in run_predict_best_model_hybrid_dl
    run_and_log([
  File "/opt/airflow/dags/train_deep_model_dag.py", line 30, in run_and_log
    raise subprocess.CalledProcessError(result.returncode, command)
subprocess.CalledProcessError: Command '['python', '/opt/airflow/src/models/predict_best_model.py', '--model_type=hybrid', '--pipeline_type=dl', '--n_users=100']' returned non-zero exit status 1.
[2025-06-06T12:18:22.326+0000] {taskinstance.py:1138} INFO - Marking task as FAILED. dag_id=deep_models_pipeline, task_id=predict_best_model_hybrid, execution_date=20250606T120557, start_date=20250606T121814, end_date=20250606T121822
[2025-06-06T12:18:22.334+0000] {standard_task_runner.py:107} ERROR - Failed to execute job 2186 for task predict_best_model_hybrid (Command '['python', '/opt/airflow/src/models/predict_best_model.py', '--model_type=hybrid', '--pipeline_type=dl', '--n_users=100']' returned non-zero exit status 1.; 2431)
[2025-06-06T12:18:22.350+0000] {local_task_job_runner.py:234} INFO - Task exited with return code 1
[2025-06-06T12:18:22.361+0000] {taskinstance.py:3280} INFO - 0 downstream tasks scheduled from follow-on schedule check
