[2025-06-08T15:10:12.586+0000] {taskinstance.py:1956} INFO - Dependencies all met for dep_context=non-requeueable deps ti=<TaskInstance: deep_models_pipeline.train_deep_hybrid_model manual__2025-06-08T15:10:05.779289+00:00 [queued]>
[2025-06-08T15:10:12.598+0000] {taskinstance.py:1956} INFO - Dependencies all met for dep_context=requeueable deps ti=<TaskInstance: deep_models_pipeline.train_deep_hybrid_model manual__2025-06-08T15:10:05.779289+00:00 [queued]>
[2025-06-08T15:10:12.601+0000] {taskinstance.py:2170} INFO - Starting attempt 1 of 3
[2025-06-08T15:10:12.616+0000] {taskinstance.py:2191} INFO - Executing <Task(PythonOperator): train_deep_hybrid_model> on 2025-06-08 15:10:05.779289+00:00
[2025-06-08T15:10:12.621+0000] {standard_task_runner.py:60} INFO - Started process 1338 to run task
[2025-06-08T15:10:12.624+0000] {standard_task_runner.py:87} INFO - Running: ['***', 'tasks', 'run', 'deep_models_pipeline', 'train_deep_hybrid_model', 'manual__2025-06-08T15:10:05.779289+00:00', '--job-id', '3208', '--raw', '--subdir', 'DAGS_FOLDER/train_deep_model_dag.py', '--cfg-path', '/tmp/tmpxts63p1g']
[2025-06-08T15:10:12.626+0000] {standard_task_runner.py:88} INFO - Job 3208: Subtask train_deep_hybrid_model
[2025-06-08T15:10:12.670+0000] {task_command.py:423} INFO - Running <TaskInstance: deep_models_pipeline.train_deep_hybrid_model manual__2025-06-08T15:10:05.779289+00:00 [running]> on host 1edd6e13d53a
[2025-06-08T15:10:12.768+0000] {taskinstance.py:2480} INFO - Exporting env vars: AIRFLOW_CTX_DAG_OWNER='***' AIRFLOW_CTX_DAG_ID='deep_models_pipeline' AIRFLOW_CTX_TASK_ID='train_deep_hybrid_model' AIRFLOW_CTX_EXECUTION_DATE='2025-06-08T15:10:05.779289+00:00' AIRFLOW_CTX_TRY_NUMBER='1' AIRFLOW_CTX_DAG_RUN_ID='manual__2025-06-08T15:10:05.779289+00:00'
[2025-06-08T15:10:12.771+0000] {train_deep_model_dag.py:13} INFO - 🟦 Running command: python /opt/***/src/models/train_hybrid_deep_model.py --n_neighbors=15 --latent_dim=32 --epochs=30 --tfidf_features=300
[2025-06-08T15:10:58.885+0000] {job.py:213} ERROR - Job heartbeat got an exception
Traceback (most recent call last):
  File "/home/airflow/.local/lib/python3.10/site-packages/sqlalchemy/engine/base.py", line 3371, in _wrap_pool_connect
    return fn()
  File "/home/airflow/.local/lib/python3.10/site-packages/sqlalchemy/pool/base.py", line 327, in connect
    return _ConnectionFairy._checkout(self)
  File "/home/airflow/.local/lib/python3.10/site-packages/sqlalchemy/pool/base.py", line 894, in _checkout
    fairy = _ConnectionRecord.checkout(pool)
  File "/home/airflow/.local/lib/python3.10/site-packages/sqlalchemy/pool/base.py", line 493, in checkout
    rec = pool._do_get()
  File "/home/airflow/.local/lib/python3.10/site-packages/sqlalchemy/pool/impl.py", line 256, in _do_get
    return self._create_connection()
  File "/home/airflow/.local/lib/python3.10/site-packages/sqlalchemy/pool/base.py", line 273, in _create_connection
    return _ConnectionRecord(self)
  File "/home/airflow/.local/lib/python3.10/site-packages/sqlalchemy/pool/base.py", line 388, in __init__
    self.__connect()
  File "/home/airflow/.local/lib/python3.10/site-packages/sqlalchemy/pool/base.py", line 690, in __connect
    with util.safe_reraise():
  File "/home/airflow/.local/lib/python3.10/site-packages/sqlalchemy/util/langhelpers.py", line 70, in __exit__
    compat.raise_(
  File "/home/airflow/.local/lib/python3.10/site-packages/sqlalchemy/util/compat.py", line 211, in raise_
    raise exception
  File "/home/airflow/.local/lib/python3.10/site-packages/sqlalchemy/pool/base.py", line 686, in __connect
    self.dbapi_connection = connection = pool._invoke_creator(self)
  File "/home/airflow/.local/lib/python3.10/site-packages/sqlalchemy/engine/create.py", line 574, in connect
    return dialect.connect(*cargs, **cparams)
  File "/home/airflow/.local/lib/python3.10/site-packages/sqlalchemy/engine/default.py", line 598, in connect
    return self.dbapi.connect(*cargs, **cparams)
  File "/home/airflow/.local/lib/python3.10/site-packages/psycopg2/__init__.py", line 122, in connect
    conn = _connect(dsn, connection_factory=connection_factory, **kwasync)
psycopg2.OperationalError: could not translate host name "postgres" to address: Temporary failure in name resolution


The above exception was the direct cause of the following exception:

Traceback (most recent call last):
  File "/home/airflow/.local/lib/python3.10/site-packages/airflow/jobs/job.py", line 187, in heartbeat
    self._merge_from(Job._fetch_from_db(self, session))
  File "/home/airflow/.local/lib/python3.10/site-packages/airflow/api_internal/internal_api_call.py", line 114, in wrapper
    return func(*args, **kwargs)
  File "/home/airflow/.local/lib/python3.10/site-packages/airflow/utils/session.py", line 76, in wrapper
    return func(*args, **kwargs)
  File "/home/airflow/.local/lib/python3.10/site-packages/airflow/jobs/job.py", line 308, in _fetch_from_db
    session.merge(job)
  File "/home/airflow/.local/lib/python3.10/site-packages/sqlalchemy/orm/session.py", line 3056, in merge
    return self._merge(
  File "/home/airflow/.local/lib/python3.10/site-packages/sqlalchemy/orm/session.py", line 3136, in _merge
    merged = self.get(
  File "/home/airflow/.local/lib/python3.10/site-packages/sqlalchemy/orm/session.py", line 2853, in get
    return self._get_impl(
  File "/home/airflow/.local/lib/python3.10/site-packages/sqlalchemy/orm/session.py", line 2975, in _get_impl
    return db_load_fn(
  File "/home/airflow/.local/lib/python3.10/site-packages/sqlalchemy/orm/loading.py", line 530, in load_on_pk_identity
    session.execute(
  File "/home/airflow/.local/lib/python3.10/site-packages/sqlalchemy/orm/session.py", line 1716, in execute
    conn = self._connection_for_bind(bind)
  File "/home/airflow/.local/lib/python3.10/site-packages/sqlalchemy/orm/session.py", line 1555, in _connection_for_bind
    return self._transaction._connection_for_bind(
  File "/home/airflow/.local/lib/python3.10/site-packages/sqlalchemy/orm/session.py", line 750, in _connection_for_bind
    conn = bind.connect()
  File "/home/airflow/.local/lib/python3.10/site-packages/sqlalchemy/future/engine.py", line 412, in connect
    return super(Engine, self).connect()
  File "/home/airflow/.local/lib/python3.10/site-packages/sqlalchemy/engine/base.py", line 3325, in connect
    return self._connection_cls(self, close_with_result=close_with_result)
  File "/home/airflow/.local/lib/python3.10/site-packages/sqlalchemy/engine/base.py", line 96, in __init__
    else engine.raw_connection()
  File "/home/airflow/.local/lib/python3.10/site-packages/sqlalchemy/engine/base.py", line 3404, in raw_connection
    return self._wrap_pool_connect(self.pool.connect, _connection)
  File "/home/airflow/.local/lib/python3.10/site-packages/sqlalchemy/engine/base.py", line 3374, in _wrap_pool_connect
    Connection._handle_dbapi_exception_noconnection(
  File "/home/airflow/.local/lib/python3.10/site-packages/sqlalchemy/engine/base.py", line 2208, in _handle_dbapi_exception_noconnection
    util.raise_(
  File "/home/airflow/.local/lib/python3.10/site-packages/sqlalchemy/util/compat.py", line 211, in raise_
    raise exception
  File "/home/airflow/.local/lib/python3.10/site-packages/sqlalchemy/engine/base.py", line 3371, in _wrap_pool_connect
    return fn()
  File "/home/airflow/.local/lib/python3.10/site-packages/sqlalchemy/pool/base.py", line 327, in connect
    return _ConnectionFairy._checkout(self)
  File "/home/airflow/.local/lib/python3.10/site-packages/sqlalchemy/pool/base.py", line 894, in _checkout
    fairy = _ConnectionRecord.checkout(pool)
  File "/home/airflow/.local/lib/python3.10/site-packages/sqlalchemy/pool/base.py", line 493, in checkout
    rec = pool._do_get()
  File "/home/airflow/.local/lib/python3.10/site-packages/sqlalchemy/pool/impl.py", line 256, in _do_get
    return self._create_connection()
  File "/home/airflow/.local/lib/python3.10/site-packages/sqlalchemy/pool/base.py", line 273, in _create_connection
    return _ConnectionRecord(self)
  File "/home/airflow/.local/lib/python3.10/site-packages/sqlalchemy/pool/base.py", line 388, in __init__
    self.__connect()
  File "/home/airflow/.local/lib/python3.10/site-packages/sqlalchemy/pool/base.py", line 690, in __connect
    with util.safe_reraise():
  File "/home/airflow/.local/lib/python3.10/site-packages/sqlalchemy/util/langhelpers.py", line 70, in __exit__
    compat.raise_(
  File "/home/airflow/.local/lib/python3.10/site-packages/sqlalchemy/util/compat.py", line 211, in raise_
    raise exception
  File "/home/airflow/.local/lib/python3.10/site-packages/sqlalchemy/pool/base.py", line 686, in __connect
    self.dbapi_connection = connection = pool._invoke_creator(self)
  File "/home/airflow/.local/lib/python3.10/site-packages/sqlalchemy/engine/create.py", line 574, in connect
    return dialect.connect(*cargs, **cparams)
  File "/home/airflow/.local/lib/python3.10/site-packages/sqlalchemy/engine/default.py", line 598, in connect
    return self.dbapi.connect(*cargs, **cparams)
  File "/home/airflow/.local/lib/python3.10/site-packages/psycopg2/__init__.py", line 122, in connect
    conn = _connect(dsn, connection_factory=connection_factory, **kwasync)
sqlalchemy.exc.OperationalError: (psycopg2.OperationalError) could not translate host name "postgres" to address: Temporary failure in name resolution

(Background on this error at: https://sqlalche.me/e/14/e3q8)
[2025-06-08T15:10:58.926+0000] {job.py:221} ERROR - Job heartbeat failed with error. Scheduler is in unhealthy state
[2025-06-08T15:11:17.564+0000] {job.py:221} ERROR - Job heartbeat failed with error. Scheduler is in unhealthy state
[2025-06-08T15:13:32.112+0000] {job.py:221} ERROR - Job heartbeat failed with error. Scheduler is in unhealthy state
[2025-06-08T15:14:01.826+0000] {job.py:221} ERROR - Job heartbeat failed with error. Scheduler is in unhealthy state
[2025-06-08T15:16:04.735+0000] {job.py:221} ERROR - Job heartbeat failed with error. Scheduler is in unhealthy state
[2025-06-08T15:19:31.731+0000] {train_deep_model_dag.py:20} INFO - 🟩 [stdout]:
🏃 View run train_hybrid_deep_model at: https://dagshub.com/sacer11/MLOps_movie_rec_apr25.mlflow/#/experiments/10/runs/fe94fbdacdca4452968fcf06f2b80616
🧪 View experiment at: https://dagshub.com/sacer11/MLOps_movie_rec_apr25.mlflow/#/experiments/10

[2025-06-08T15:19:31.734+0000] {train_deep_model_dag.py:22} WARNING - 🟨 [stderr]:
2025-06-08 15:10:20,086 - __main__ - INFO - 📥 Lade Rohdaten und baue Hybrid-Feature-Matrix ...
2025-06-08 15:10:27,229 - __main__ - INFO - 📐 Hybrid-Matrix erstellt mit Shape: (10381, 1429), Feature-Namen: 1429
2025-06-08 15:10:43,887 - __main__ - INFO - 💾 Hybrid-Matrix gespeichert unter /opt/***/data/processed/hybrid_matrix.csv
2025-06-08 15:10:44,335 - __main__ - INFO - 🚀 Starte Training Autoencoder ...
2025-06-08 15:12:44,829 - __main__ - INFO - Epoch 1/30: Loss = 0.0123
2025-06-08 15:15:38,240 - __main__ - INFO - Epoch 2/30: Loss = 0.0072
2025-06-08 15:16:27,782 - __main__ - INFO - Epoch 3/30: Loss = 0.0062
2025-06-08 15:16:38,295 - __main__ - INFO - Epoch 4/30: Loss = 0.0057
2025-06-08 15:16:51,472 - __main__ - INFO - Epoch 5/30: Loss = 0.0055
2025-06-08 15:17:01,828 - __main__ - INFO - Epoch 6/30: Loss = 0.0053
2025-06-08 15:17:10,449 - __main__ - INFO - Epoch 7/30: Loss = 0.0051
2025-06-08 15:17:19,368 - __main__ - INFO - Epoch 8/30: Loss = 0.0050
2025-06-08 15:17:27,414 - __main__ - INFO - Epoch 9/30: Loss = 0.0050
2025-06-08 15:17:31,903 - __main__ - INFO - Epoch 10/30: Loss = 0.0049
2025-06-08 15:17:37,726 - __main__ - INFO - Epoch 11/30: Loss = 0.0048
2025-06-08 15:17:44,123 - __main__ - INFO - Epoch 12/30: Loss = 0.0048
2025-06-08 15:17:50,774 - __main__ - INFO - Epoch 13/30: Loss = 0.0048
2025-06-08 15:17:56,995 - __main__ - INFO - Epoch 14/30: Loss = 0.0047
2025-06-08 15:18:03,593 - __main__ - INFO - Epoch 15/30: Loss = 0.0047
2025-06-08 15:18:09,092 - __main__ - INFO - Epoch 16/30: Loss = 0.0046
2025-06-08 15:18:14,271 - __main__ - INFO - Epoch 17/30: Loss = 0.0046
2025-06-08 15:18:18,566 - __main__ - INFO - Epoch 18/30: Loss = 0.0046
2025-06-08 15:18:21,601 - __main__ - INFO - Epoch 19/30: Loss = 0.0046
2025-06-08 15:18:24,443 - __main__ - INFO - Epoch 20/30: Loss = 0.0045
2025-06-08 15:18:27,379 - __main__ - INFO - Epoch 21/30: Loss = 0.0045
2025-06-08 15:18:29,972 - __main__ - INFO - Epoch 22/30: Loss = 0.0045
2025-06-08 15:18:34,275 - __main__ - INFO - Epoch 23/30: Loss = 0.0044
2025-06-08 15:18:37,619 - __main__ - INFO - Epoch 24/30: Loss = 0.0044
2025-06-08 15:18:42,122 - __main__ - INFO - Epoch 25/30: Loss = 0.0044
2025-06-08 15:18:46,447 - __main__ - INFO - Epoch 26/30: Loss = 0.0044
2025-06-08 15:18:49,188 - __main__ - INFO - Epoch 27/30: Loss = 0.0044
2025-06-08 15:18:51,119 - __main__ - INFO - Epoch 28/30: Loss = 0.0044
2025-06-08 15:18:54,365 - __main__ - INFO - Epoch 29/30: Loss = 0.0043
2025-06-08 15:18:58,330 - __main__ - INFO - Epoch 30/30: Loss = 0.0043
2025-06-08 15:18:59,014 - __main__ - INFO - ✅ Hybrid-Embeddings gespeichert unter /opt/***/data/processed/hybrid_deep_embedding.csv
2025-06-08 15:18:59,014 - __main__ - INFO - ✅ Hybrid-Embeddings gespeichert unter /opt/***/data/processed/hybrid_deep_embedding.csv
2025-06-08 15:18:59,054 - __main__ - INFO - ✅ Deep KNN Modell gespeichert unter /opt/***/models/hybrid_deep_knn.pkl
2025/06/08 15:19:04 INFO mlflow.pyfunc: Validating input example against model signature

Downloading artifacts:   0%|          | 0/1 [00:00<?, ?it/s]
Downloading artifacts: 100%|██████████| 1/1 [00:00<00:00, 157.77it/s]
Downloading artifacts: 100%|██████████| 1/1 [00:00<00:00, 153.99it/s]
Registered model 'hybrid_deep_model' already exists. Creating a new version of this model...
2025/06/08 15:19:19 INFO mlflow.store.model_registry.abstract_store: Waiting up to 300 seconds for model version to finish creation. Model name: hybrid_deep_model, version 32
Created version '32' of model 'hybrid_deep_model'.
2025-06-08 15:19:27,640 - __main__ - INFO - 📝 Tags für Modellversion 32 gesetzt: n_neighbors=15, latent_dim=32, tfidf_features=300, epochs=30
2025-06-08 15:19:29,639 - __main__ - INFO - 🏁 Deep Hybrid-Model Training abgeschlossen und geloggt.

[2025-06-08T15:19:31.736+0000] {python.py:201} INFO - Done. Returned value was: None
[2025-06-08T15:19:31.769+0000] {taskinstance.py:1138} INFO - Marking task as SUCCESS. dag_id=deep_models_pipeline, task_id=train_deep_hybrid_model, execution_date=20250608T151005, start_date=20250608T151012, end_date=20250608T151931
[2025-06-08T15:19:31.830+0000] {local_task_job_runner.py:234} INFO - Task exited with return code 0
[2025-06-08T15:19:31.864+0000] {taskinstance.py:3280} INFO - 1 downstream tasks scheduled from follow-on schedule check
