[2025-06-05T21:26:35.402+0000] {taskinstance.py:1956} INFO - Dependencies all met for dep_context=non-requeueable deps ti=<TaskInstance: deep_models_pipeline.predict_best_model_user manual__2025-06-05T21:15:55.562459+00:00 [queued]>
[2025-06-05T21:26:35.408+0000] {taskinstance.py:1956} INFO - Dependencies all met for dep_context=requeueable deps ti=<TaskInstance: deep_models_pipeline.predict_best_model_user manual__2025-06-05T21:15:55.562459+00:00 [queued]>
[2025-06-05T21:26:35.409+0000] {taskinstance.py:2170} INFO - Starting attempt 3 of 3
[2025-06-05T21:26:35.418+0000] {taskinstance.py:2191} INFO - Executing <Task(PythonOperator): predict_best_model_user> on 2025-06-05 21:15:55.562459+00:00
[2025-06-05T21:26:35.425+0000] {standard_task_runner.py:60} INFO - Started process 5212 to run task
[2025-06-05T21:26:35.427+0000] {standard_task_runner.py:87} INFO - Running: ['***', 'tasks', 'run', 'deep_models_pipeline', 'predict_best_model_user', 'manual__2025-06-05T21:15:55.562459+00:00', '--job-id', '2029', '--raw', '--subdir', 'DAGS_FOLDER/train_deep_model_dag.py', '--cfg-path', '/tmp/tmp7rluw0oj']
[2025-06-05T21:26:35.428+0000] {standard_task_runner.py:88} INFO - Job 2029: Subtask predict_best_model_user
[2025-06-05T21:26:35.459+0000] {task_command.py:423} INFO - Running <TaskInstance: deep_models_pipeline.predict_best_model_user manual__2025-06-05T21:15:55.562459+00:00 [running]> on host 3f2696f940ac
[2025-06-05T21:26:35.512+0000] {taskinstance.py:2480} INFO - Exporting env vars: AIRFLOW_CTX_DAG_OWNER='***' AIRFLOW_CTX_DAG_ID='deep_models_pipeline' AIRFLOW_CTX_TASK_ID='predict_best_model_user' AIRFLOW_CTX_EXECUTION_DATE='2025-06-05T21:15:55.562459+00:00' AIRFLOW_CTX_TRY_NUMBER='3' AIRFLOW_CTX_DAG_RUN_ID='manual__2025-06-05T21:15:55.562459+00:00'
[2025-06-05T21:26:35.513+0000] {train_deep_model_dag.py:13} INFO - üü¶ Running command: python /opt/***/src/models/predict_best_model.py --model_type=user --pipeline_type=dl --n_users=100
[2025-06-05T21:26:48.033+0000] {train_deep_model_dag.py:20} INFO - üü© [stdout]:

[2025-06-05T21:26:48.033+0000] {train_deep_model_dag.py:22} WARNING - üü® [stderr]:
2025-06-05 21:26:37,288 - INFO - üöÄ Starte Prediction √ºber MLflow Registry ‚Äì Typ: user, Pipeline: dl
2025-06-05 21:26:37,288 - INFO - üì¶ Lade Modell aus MLflow Registry: models:/user_deep_model@best_model

Downloading artifacts:   0%|          | 0/8 [00:00<?, ?it/s]
Downloading artifacts:  12%|‚ñà‚ñé        | 1/8 [00:00<00:00, 45.49it/s]
Downloading artifacts:  25%|‚ñà‚ñà‚ñå       | 2/8 [00:00<00:00,  9.31it/s]
Downloading artifacts:  25%|‚ñà‚ñà‚ñå       | 2/8 [00:00<00:00,  9.31it/s]
Downloading artifacts:  38%|‚ñà‚ñà‚ñà‚ñä      | 3/8 [00:00<00:00,  8.92it/s]
Downloading artifacts:  38%|‚ñà‚ñà‚ñà‚ñä      | 3/8 [00:00<00:00,  8.92it/s]
Downloading artifacts:  50%|‚ñà‚ñà‚ñà‚ñà‚ñà     | 4/8 [00:00<00:00,  9.07it/s]
Downloading artifacts:  50%|‚ñà‚ñà‚ñà‚ñà‚ñà     | 4/8 [00:00<00:00,  9.07it/s]
Downloading artifacts:  62%|‚ñà‚ñà‚ñà‚ñà‚ñà‚ñà‚ñé   | 5/8 [00:00<00:00,  8.34it/s]
Downloading artifacts:  62%|‚ñà‚ñà‚ñà‚ñà‚ñà‚ñà‚ñé   | 5/8 [00:00<00:00,  8.34it/s]
Downloading artifacts:  75%|‚ñà‚ñà‚ñà‚ñà‚ñà‚ñà‚ñà‚ñå  | 6/8 [00:01<00:00,  2.35it/s]
Downloading artifacts:  75%|‚ñà‚ñà‚ñà‚ñà‚ñà‚ñà‚ñà‚ñå  | 6/8 [00:01<00:00,  2.35it/s]
Downloading artifacts:  88%|‚ñà‚ñà‚ñà‚ñà‚ñà‚ñà‚ñà‚ñà‚ñä | 7/8 [00:04<00:01,  1.10s/it]
Downloading artifacts:  88%|‚ñà‚ñà‚ñà‚ñà‚ñà‚ñà‚ñà‚ñà‚ñä | 7/8 [00:04<00:01,  1.10s/it]
Downloading artifacts: 100%|‚ñà‚ñà‚ñà‚ñà‚ñà‚ñà‚ñà‚ñà‚ñà‚ñà| 8/8 [00:07<00:00,  1.80s/it]
Downloading artifacts: 100%|‚ñà‚ñà‚ñà‚ñà‚ñà‚ñà‚ñà‚ñà‚ñà‚ñà| 8/8 [00:07<00:00,  1.80s/it]
Downloading artifacts: 100%|‚ñà‚ñà‚ñà‚ñà‚ñà‚ñà‚ñà‚ñà‚ñà‚ñà| 8/8 [00:07<00:00,  1.07it/s]
2025-06-05 21:26:47,519 - INFO - üì• Eingabematrix geladen: /opt/***/data/processed/user_deep_embedding.csv ‚Äì Shape: (138493, 32)
2025-06-05 21:26:47,537 - ERROR - ‚ùå Fehler bei der Modellvorhersage: Failed to enforce schema of data '            0         1         2  ...        29        30        31
1   -0.346355  0.004128  0.261798  ... -0.372179  0.002203  0.142707
2   -0.560009  0.027637  0.233155  ... -0.154401 -0.160107  0.075668
3   -0.472834  0.100807  0.319682  ... -0.172484 -0.207587  0.105220
4   -0.307440  0.100905  0.230389  ... -0.199462 -0.023888  0.242590
5   -0.374146 -0.014549  0.272053  ... -0.201226  0.063258  0.191086
..        ...       ...       ...  ...       ...       ...       ...
96  -0.308682  0.080777  0.255479  ... -0.252388  0.002459  0.225242
97  -0.358323 -0.163267  0.148723  ... -0.242028 -0.104815  0.286018
98  -0.399723  0.053832  0.360392  ... -0.200237  0.028849  0.113850
99  -0.170506 -0.009449  0.081145  ... -0.280950 -0.123950  0.089448
100 -0.326905 -0.054022  0.104682  ... -0.225264 -0.193057  0.121407

[100 rows x 32 columns]' with schema '['emb_0': float (required), 'emb_1': float (required), 'emb_2': float (required), 'emb_3': float (required), 'emb_4': float (required), 'emb_5': float (required), 'emb_6': float (required), 'emb_7': float (required), 'emb_8': float (required), 'emb_9': float (required), 'emb_10': float (required), 'emb_11': float (required), 'emb_12': float (required), 'emb_13': float (required), 'emb_14': float (required), 'emb_15': float (required), 'emb_16': float (required), 'emb_17': float (required), 'emb_18': float (required), 'emb_19': float (required), 'emb_20': float (required), 'emb_21': float (required), 'emb_22': float (required), 'emb_23': float (required), 'emb_24': float (required), 'emb_25': float (required), 'emb_26': float (required), 'emb_27': float (required), 'emb_28': float (required), 'emb_29': float (required), 'emb_30': float (required), 'emb_31': float (required)]'. Error: Model is missing inputs ['emb_0', 'emb_1', 'emb_2', 'emb_3', 'emb_4', 'emb_5', 'emb_6', 'emb_7', 'emb_8', 'emb_9', 'emb_10', 'emb_11', 'emb_12', 'emb_13', 'emb_14', 'emb_15', 'emb_16', 'emb_17', 'emb_18', 'emb_19', 'emb_20', 'emb_21', 'emb_22', 'emb_23', 'emb_24', 'emb_25', 'emb_26', 'emb_27', 'emb_28', 'emb_29', 'emb_30', 'emb_31']. Note that there were extra inputs: ['7', '0', '8', '17', '21', '5', '16', '19', '22', '12', '29', '26', '9', '2', '13', '18', '31', '30', '10', '25', '27', '3', '23', '15', '14', '6', '24', '1', '11', '20', '28', '4']
Traceback (most recent call last):
  File "/home/***/.local/lib/python3.10/site-packages/mlflow/pyfunc/__init__.py", line 730, in _validate_prediction_input
    data = _enforce_schema(data, input_schema, flavor)
  File "/home/***/.local/lib/python3.10/site-packages/mlflow/models/utils.py", line 1259, in _enforce_schema
    raise MlflowException(message)
mlflow.exceptions.MlflowException: Model is missing inputs ['emb_0', 'emb_1', 'emb_2', 'emb_3', 'emb_4', 'emb_5', 'emb_6', 'emb_7', 'emb_8', 'emb_9', 'emb_10', 'emb_11', 'emb_12', 'emb_13', 'emb_14', 'emb_15', 'emb_16', 'emb_17', 'emb_18', 'emb_19', 'emb_20', 'emb_21', 'emb_22', 'emb_23', 'emb_24', 'emb_25', 'emb_26', 'emb_27', 'emb_28', 'emb_29', 'emb_30', 'emb_31']. Note that there were extra inputs: ['7', '0', '8', '17', '21', '5', '16', '19', '22', '12', '29', '26', '9', '2', '13', '18', '31', '30', '10', '25', '27', '3', '23', '15', '14', '6', '24', '1', '11', '20', '28', '4']

During handling of the above exception, another exception occurred:

Traceback (most recent call last):
  File "/opt/***/src/models/predict_best_model.py", line 120, in <module>
    predict_best_model(model_type=args.model_type, pipeline_type=args.pipeline_type, n_users=args.n_users)
  File "/opt/***/src/models/predict_best_model.py", line 68, in predict_best_model
    predictions = model.predict(input_df)
  File "/home/***/.local/lib/python3.10/site-packages/mlflow/pyfunc/__init__.py", line 812, in predict
    return self._predict(data, params)
  File "/home/***/.local/lib/python3.10/site-packages/mlflow/pyfunc/__init__.py", line 851, in _predict
    data, params = _validate_prediction_input(
  File "/home/***/.local/lib/python3.10/site-packages/mlflow/pyfunc/__init__.py", line 733, in _validate_prediction_input
    raise MlflowException.invalid_parameter_value(
mlflow.exceptions.MlflowException: Failed to enforce schema of data '            0         1         2  ...        29        30        31
1   -0.346355  0.004128  0.261798  ... -0.372179  0.002203  0.142707
2   -0.560009  0.027637  0.233155  ... -0.154401 -0.160107  0.075668
3   -0.472834  0.100807  0.319682  ... -0.172484 -0.207587  0.105220
4   -0.307440  0.100905  0.230389  ... -0.199462 -0.023888  0.242590
5   -0.374146 -0.014549  0.272053  ... -0.201226  0.063258  0.191086
..        ...       ...       ...  ...       ...       ...       ...
96  -0.308682  0.080777  0.255479  ... -0.252388  0.002459  0.225242
97  -0.358323 -0.163267  0.148723  ... -0.242028 -0.104815  0.286018
98  -0.399723  0.053832  0.360392  ... -0.200237  0.028849  0.113850
99  -0.170506 -0.009449  0.081145  ... -0.280950 -0.123950  0.089448
100 -0.326905 -0.054022  0.104682  ... -0.225264 -0.193057  0.121407

[100 rows x 32 columns]' with schema '['emb_0': float (required), 'emb_1': float (required), 'emb_2': float (required), 'emb_3': float (required), 'emb_4': float (required), 'emb_5': float (required), 'emb_6': float (required), 'emb_7': float (required), 'emb_8': float (required), 'emb_9': float (required), 'emb_10': float (required), 'emb_11': float (required), 'emb_12': float (required), 'emb_13': float (required), 'emb_14': float (required), 'emb_15': float (required), 'emb_16': float (required), 'emb_17': float (required), 'emb_18': float (required), 'emb_19': float (required), 'emb_20': float (required), 'emb_21': float (required), 'emb_22': float (required), 'emb_23': float (required), 'emb_24': float (required), 'emb_25': float (required), 'emb_26': float (required), 'emb_27': float (required), 'emb_28': float (required), 'emb_29': float (required), 'emb_30': float (required), 'emb_31': float (required)]'. Error: Model is missing inputs ['emb_0', 'emb_1', 'emb_2', 'emb_3', 'emb_4', 'emb_5', 'emb_6', 'emb_7', 'emb_8', 'emb_9', 'emb_10', 'emb_11', 'emb_12', 'emb_13', 'emb_14', 'emb_15', 'emb_16', 'emb_17', 'emb_18', 'emb_19', 'emb_20', 'emb_21', 'emb_22', 'emb_23', 'emb_24', 'emb_25', 'emb_26', 'emb_27', 'emb_28', 'emb_29', 'emb_30', 'emb_31']. Note that there were extra inputs: ['7', '0', '8', '17', '21', '5', '16', '19', '22', '12', '29', '26', '9', '2', '13', '18', '31', '30', '10', '25', '27', '3', '23', '15', '14', '6', '24', '1', '11', '20', '28', '4']

[2025-06-05T21:26:48.034+0000] {train_deep_model_dag.py:29} ERROR - ‚ùå Subprozess-Fehler (exit code 1): python /opt/***/src/models/predict_best_model.py --model_type=user --pipeline_type=dl --n_users=100
[2025-06-05T21:26:48.035+0000] {train_deep_model_dag.py:32} ERROR - ‚ùå Subprozess-Ausnahme: Command '['python', '/opt/***/src/models/predict_best_model.py', '--model_type=user', '--pipeline_type=dl', '--n_users=100']' returned non-zero exit status 1.
[2025-06-05T21:26:48.035+0000] {taskinstance.py:2698} ERROR - Task failed with exception
Traceback (most recent call last):
  File "/home/airflow/.local/lib/python3.10/site-packages/airflow/models/taskinstance.py", line 433, in _execute_task
    result = execute_callable(context=context, **execute_callable_kwargs)
  File "/home/airflow/.local/lib/python3.10/site-packages/airflow/operators/python.py", line 199, in execute
    return_value = self.execute_callable()
  File "/home/airflow/.local/lib/python3.10/site-packages/airflow/operators/python.py", line 216, in execute_callable
    return self.python_callable(*self.op_args, **self.op_kwargs)
  File "/opt/airflow/dags/train_deep_model_dag.py", line 129, in run_predict_best_model_user_dl
    run_and_log([
  File "/opt/airflow/dags/train_deep_model_dag.py", line 30, in run_and_log
    raise subprocess.CalledProcessError(result.returncode, command)
subprocess.CalledProcessError: Command '['python', '/opt/airflow/src/models/predict_best_model.py', '--model_type=user', '--pipeline_type=dl', '--n_users=100']' returned non-zero exit status 1.
[2025-06-05T21:26:48.045+0000] {taskinstance.py:1138} INFO - Marking task as FAILED. dag_id=deep_models_pipeline, task_id=predict_best_model_user, execution_date=20250605T211555, start_date=20250605T212635, end_date=20250605T212648
[2025-06-05T21:26:48.054+0000] {standard_task_runner.py:107} ERROR - Failed to execute job 2029 for task predict_best_model_user (Command '['python', '/opt/airflow/src/models/predict_best_model.py', '--model_type=user', '--pipeline_type=dl', '--n_users=100']' returned non-zero exit status 1.; 5212)
[2025-06-05T21:26:48.072+0000] {local_task_job_runner.py:234} INFO - Task exited with return code 1
[2025-06-05T21:26:48.084+0000] {taskinstance.py:3280} INFO - 0 downstream tasks scheduled from follow-on schedule check
