[2025-06-06T20:35:22.125+0000] {taskinstance.py:1956} INFO - Dependencies all met for dep_context=non-requeueable deps ti=<TaskInstance: deep_models_pipeline.predict_best_model manual__2025-06-06T20:33:46.461470+00:00 [queued]>
[2025-06-06T20:35:22.135+0000] {taskinstance.py:1956} INFO - Dependencies all met for dep_context=requeueable deps ti=<TaskInstance: deep_models_pipeline.predict_best_model manual__2025-06-06T20:33:46.461470+00:00 [queued]>
[2025-06-06T20:35:22.135+0000] {taskinstance.py:2170} INFO - Starting attempt 1 of 3
[2025-06-06T20:35:22.147+0000] {taskinstance.py:2191} INFO - Executing <Task(PythonOperator): predict_best_model> on 2025-06-06 20:33:46.461470+00:00
[2025-06-06T20:35:22.154+0000] {standard_task_runner.py:60} INFO - Started process 603 to run task
[2025-06-06T20:35:22.156+0000] {standard_task_runner.py:87} INFO - Running: ['***', 'tasks', 'run', 'deep_models_pipeline', 'predict_best_model', 'manual__2025-06-06T20:33:46.461470+00:00', '--job-id', '2258', '--raw', '--subdir', 'DAGS_FOLDER/train_deep_model_dag.py', '--cfg-path', '/tmp/tmp_7amp61h']
[2025-06-06T20:35:22.158+0000] {standard_task_runner.py:88} INFO - Job 2258: Subtask predict_best_model
[2025-06-06T20:35:22.200+0000] {task_command.py:423} INFO - Running <TaskInstance: deep_models_pipeline.predict_best_model manual__2025-06-06T20:33:46.461470+00:00 [running]> on host 97f452330a36
[2025-06-06T20:35:22.270+0000] {taskinstance.py:2480} INFO - Exporting env vars: AIRFLOW_CTX_DAG_OWNER='***' AIRFLOW_CTX_DAG_ID='deep_models_pipeline' AIRFLOW_CTX_TASK_ID='predict_best_model' AIRFLOW_CTX_EXECUTION_DATE='2025-06-06T20:33:46.461470+00:00' AIRFLOW_CTX_TRY_NUMBER='1' AIRFLOW_CTX_DAG_RUN_ID='manual__2025-06-06T20:33:46.461470+00:00'
[2025-06-06T20:35:22.271+0000] {train_deep_model_dag.py:13} INFO - üü¶ Running command: python /opt/***/src/models/predict_best_model.py
[2025-06-06T20:35:37.959+0000] {train_deep_model_dag.py:20} INFO - üü© [stdout]:

[2025-06-06T20:35:37.960+0000] {train_deep_model_dag.py:22} WARNING - üü® [stderr]:
2025-06-06 20:35:24,204 - INFO - üöÄ Starte Prediction f√ºr hybrid_deep_model √ºber MLflow Registry
2025-06-06 20:35:24,204 - INFO - üì¶ Lade Modell: models:/hybrid_deep_model@best_model

Downloading artifacts:   0%|          | 0/8 [00:00<?, ?it/s]
Downloading artifacts:  12%|‚ñà‚ñé        | 1/8 [00:00<00:00, 11066.77it/s]
Downloading artifacts:  25%|‚ñà‚ñà‚ñå       | 2/8 [00:00<00:02,  2.18it/s]   
Downloading artifacts:  25%|‚ñà‚ñà‚ñå       | 2/8 [00:00<00:02,  2.18it/s]
Downloading artifacts:  38%|‚ñà‚ñà‚ñà‚ñä      | 3/8 [00:01<00:03,  1.47it/s]
Downloading artifacts:  38%|‚ñà‚ñà‚ñà‚ñä      | 3/8 [00:01<00:03,  1.47it/s]
Downloading artifacts:  50%|‚ñà‚ñà‚ñà‚ñà‚ñà     | 4/8 [00:03<00:03,  1.09it/s]
Downloading artifacts:  50%|‚ñà‚ñà‚ñà‚ñà‚ñà     | 4/8 [00:03<00:03,  1.09it/s]
Downloading artifacts:  62%|‚ñà‚ñà‚ñà‚ñà‚ñà‚ñà‚ñé   | 5/8 [00:03<00:02,  1.20it/s]
Downloading artifacts:  62%|‚ñà‚ñà‚ñà‚ñà‚ñà‚ñà‚ñé   | 5/8 [00:03<00:02,  1.20it/s]
Downloading artifacts:  75%|‚ñà‚ñà‚ñà‚ñà‚ñà‚ñà‚ñà‚ñå  | 6/8 [00:04<00:01,  1.12it/s]
Downloading artifacts:  75%|‚ñà‚ñà‚ñà‚ñà‚ñà‚ñà‚ñà‚ñå  | 6/8 [00:04<00:01,  1.12it/s]
Downloading artifacts:  88%|‚ñà‚ñà‚ñà‚ñà‚ñà‚ñà‚ñà‚ñà‚ñä | 7/8 [00:06<00:01,  1.01s/it]
Downloading artifacts:  88%|‚ñà‚ñà‚ñà‚ñà‚ñà‚ñà‚ñà‚ñà‚ñä | 7/8 [00:06<00:01,  1.01s/it]
Downloading artifacts: 100%|‚ñà‚ñà‚ñà‚ñà‚ñà‚ñà‚ñà‚ñà‚ñà‚ñà| 8/8 [00:06<00:00,  1.09it/s]
Downloading artifacts: 100%|‚ñà‚ñà‚ñà‚ñà‚ñà‚ñà‚ñà‚ñà‚ñà‚ñà| 8/8 [00:06<00:00,  1.09it/s]
Downloading artifacts: 100%|‚ñà‚ñà‚ñà‚ñà‚ñà‚ñà‚ñà‚ñà‚ñà‚ñà| 8/8 [00:06<00:00,  1.16it/s]
2025-06-06 20:35:37,368 - INFO - üì• Embedding geladen: /opt/***/data/processed/hybrid_deep_embedding.csv ‚Äì Shape: (10381, 32)
2025-06-06 20:35:37,387 - ERROR - ‚ùå Fehler bei der Modellvorhersage: Failed to enforce schema of data '           0         1         2  ...        29        30        31
1  -0.008839  0.132666 -0.661769  ... -0.006485 -0.674272  0.696827
2  -0.209508  0.418891 -0.275260  ...  0.298173 -0.256109  0.224754
3   0.224527  0.100519 -0.285683  ...  0.141143  0.188211  0.250379
4   0.220596 -0.047618 -0.262028  ... -0.217656  0.090410  0.195527
5   0.251058  0.145365 -0.078004  ...  0.094179  0.162038  0.333171
6   0.115260  0.511303 -0.696503  ... -0.413038  0.319799  0.391449
7   0.312328  0.045462 -0.299335  ... -0.119689  0.117658  0.481713
8  -0.217703  0.227636 -0.158555  ...  0.146210 -0.213030  0.105572
9  -0.067743  0.335157 -0.204446  ...  0.114097  0.383269  0.162913
10  0.182550  0.540686 -0.441639  ...  0.340879  0.281937  0.132959

[10 rows x 32 columns]' with schema '['emb_0': float (required), 'emb_1': float (required), 'emb_2': float (required), 'emb_3': float (required), 'emb_4': float (required), 'emb_5': float (required), 'emb_6': float (required), 'emb_7': float (required), 'emb_8': float (required), 'emb_9': float (required), 'emb_10': float (required), 'emb_11': float (required), 'emb_12': float (required), 'emb_13': float (required), 'emb_14': float (required), 'emb_15': float (required), 'emb_16': float (required), 'emb_17': float (required), 'emb_18': float (required), 'emb_19': float (required), 'emb_20': float (required), 'emb_21': float (required), 'emb_22': float (required), 'emb_23': float (required), 'emb_24': float (required), 'emb_25': float (required), 'emb_26': float (required), 'emb_27': float (required), 'emb_28': float (required), 'emb_29': float (required), 'emb_30': float (required), 'emb_31': float (required)]'. Error: Model is missing inputs ['emb_0', 'emb_1', 'emb_2', 'emb_3', 'emb_4', 'emb_5', 'emb_6', 'emb_7', 'emb_8', 'emb_9', 'emb_10', 'emb_11', 'emb_12', 'emb_13', 'emb_14', 'emb_15', 'emb_16', 'emb_17', 'emb_18', 'emb_19', 'emb_20', 'emb_21', 'emb_22', 'emb_23', 'emb_24', 'emb_25', 'emb_26', 'emb_27', 'emb_28', 'emb_29', 'emb_30', 'emb_31']. Note that there were extra inputs: ['11', '6', '31', '1', '15', '30', '3', '7', '21', '28', '22', '17', '2', '25', '4', '29', '19', '24', '8', '9', '5', '23', '26', '27', '12', '14', '20', '16', '13', '0', '18', '10']
Traceback (most recent call last):
  File "/home/***/.local/lib/python3.10/site-packages/mlflow/pyfunc/__init__.py", line 730, in _validate_prediction_input
    data = _enforce_schema(data, input_schema, flavor)
  File "/home/***/.local/lib/python3.10/site-packages/mlflow/models/utils.py", line 1259, in _enforce_schema
    raise MlflowException(message)
mlflow.exceptions.MlflowException: Model is missing inputs ['emb_0', 'emb_1', 'emb_2', 'emb_3', 'emb_4', 'emb_5', 'emb_6', 'emb_7', 'emb_8', 'emb_9', 'emb_10', 'emb_11', 'emb_12', 'emb_13', 'emb_14', 'emb_15', 'emb_16', 'emb_17', 'emb_18', 'emb_19', 'emb_20', 'emb_21', 'emb_22', 'emb_23', 'emb_24', 'emb_25', 'emb_26', 'emb_27', 'emb_28', 'emb_29', 'emb_30', 'emb_31']. Note that there were extra inputs: ['11', '6', '31', '1', '15', '30', '3', '7', '21', '28', '22', '17', '2', '25', '4', '29', '19', '24', '8', '9', '5', '23', '26', '27', '12', '14', '20', '16', '13', '0', '18', '10']

During handling of the above exception, another exception occurred:

Traceback (most recent call last):
  File "/opt/***/src/models/predict_best_model.py", line 70, in <module>
    predict_best_model(n_users=args.n_users)
  File "/opt/***/src/models/predict_best_model.py", line 41, in predict_best_model
    predictions = model.predict(input_df)
  File "/home/***/.local/lib/python3.10/site-packages/mlflow/pyfunc/__init__.py", line 812, in predict
    return self._predict(data, params)
  File "/home/***/.local/lib/python3.10/site-packages/mlflow/pyfunc/__init__.py", line 851, in _predict
    data, params = _validate_prediction_input(
  File "/home/***/.local/lib/python3.10/site-packages/mlflow/pyfunc/__init__.py", line 733, in _validate_prediction_input
    raise MlflowException.invalid_parameter_value(
mlflow.exceptions.MlflowException: Failed to enforce schema of data '           0         1         2  ...        29        30        31
1  -0.008839  0.132666 -0.661769  ... -0.006485 -0.674272  0.696827
2  -0.209508  0.418891 -0.275260  ...  0.298173 -0.256109  0.224754
3   0.224527  0.100519 -0.285683  ...  0.141143  0.188211  0.250379
4   0.220596 -0.047618 -0.262028  ... -0.217656  0.090410  0.195527
5   0.251058  0.145365 -0.078004  ...  0.094179  0.162038  0.333171
6   0.115260  0.511303 -0.696503  ... -0.413038  0.319799  0.391449
7   0.312328  0.045462 -0.299335  ... -0.119689  0.117658  0.481713
8  -0.217703  0.227636 -0.158555  ...  0.146210 -0.213030  0.105572
9  -0.067743  0.335157 -0.204446  ...  0.114097  0.383269  0.162913
10  0.182550  0.540686 -0.441639  ...  0.340879  0.281937  0.132959

[10 rows x 32 columns]' with schema '['emb_0': float (required), 'emb_1': float (required), 'emb_2': float (required), 'emb_3': float (required), 'emb_4': float (required), 'emb_5': float (required), 'emb_6': float (required), 'emb_7': float (required), 'emb_8': float (required), 'emb_9': float (required), 'emb_10': float (required), 'emb_11': float (required), 'emb_12': float (required), 'emb_13': float (required), 'emb_14': float (required), 'emb_15': float (required), 'emb_16': float (required), 'emb_17': float (required), 'emb_18': float (required), 'emb_19': float (required), 'emb_20': float (required), 'emb_21': float (required), 'emb_22': float (required), 'emb_23': float (required), 'emb_24': float (required), 'emb_25': float (required), 'emb_26': float (required), 'emb_27': float (required), 'emb_28': float (required), 'emb_29': float (required), 'emb_30': float (required), 'emb_31': float (required)]'. Error: Model is missing inputs ['emb_0', 'emb_1', 'emb_2', 'emb_3', 'emb_4', 'emb_5', 'emb_6', 'emb_7', 'emb_8', 'emb_9', 'emb_10', 'emb_11', 'emb_12', 'emb_13', 'emb_14', 'emb_15', 'emb_16', 'emb_17', 'emb_18', 'emb_19', 'emb_20', 'emb_21', 'emb_22', 'emb_23', 'emb_24', 'emb_25', 'emb_26', 'emb_27', 'emb_28', 'emb_29', 'emb_30', 'emb_31']. Note that there were extra inputs: ['11', '6', '31', '1', '15', '30', '3', '7', '21', '28', '22', '17', '2', '25', '4', '29', '19', '24', '8', '9', '5', '23', '26', '27', '12', '14', '20', '16', '13', '0', '18', '10']

[2025-06-06T20:35:37.960+0000] {train_deep_model_dag.py:29} ERROR - ‚ùå Subprozess-Fehler (exit code 1): python /opt/***/src/models/predict_best_model.py
[2025-06-06T20:35:37.961+0000] {train_deep_model_dag.py:32} ERROR - ‚ùå Subprozess-Ausnahme: Command '['python', '/opt/***/src/models/predict_best_model.py']' returned non-zero exit status 1.
[2025-06-06T20:35:37.961+0000] {taskinstance.py:2698} ERROR - Task failed with exception
Traceback (most recent call last):
  File "/home/airflow/.local/lib/python3.10/site-packages/airflow/models/taskinstance.py", line 433, in _execute_task
    result = execute_callable(context=context, **execute_callable_kwargs)
  File "/home/airflow/.local/lib/python3.10/site-packages/airflow/operators/python.py", line 199, in execute
    return_value = self.execute_callable()
  File "/home/airflow/.local/lib/python3.10/site-packages/airflow/operators/python.py", line 216, in execute_callable
    return self.python_callable(*self.op_args, **self.op_kwargs)
  File "/opt/airflow/dags/train_deep_model_dag.py", line 71, in run_predict_best_model
    run_and_log(["python", "/opt/airflow/src/models/predict_best_model.py"])
  File "/opt/airflow/dags/train_deep_model_dag.py", line 30, in run_and_log
    raise subprocess.CalledProcessError(result.returncode, command)
subprocess.CalledProcessError: Command '['python', '/opt/airflow/src/models/predict_best_model.py']' returned non-zero exit status 1.
[2025-06-06T20:35:37.970+0000] {taskinstance.py:1138} INFO - Marking task as UP_FOR_RETRY. dag_id=deep_models_pipeline, task_id=predict_best_model, execution_date=20250606T203346, start_date=20250606T203522, end_date=20250606T203537
[2025-06-06T20:35:37.981+0000] {standard_task_runner.py:107} ERROR - Failed to execute job 2258 for task predict_best_model (Command '['python', '/opt/airflow/src/models/predict_best_model.py']' returned non-zero exit status 1.; 603)
[2025-06-06T20:35:38.003+0000] {local_task_job_runner.py:234} INFO - Task exited with return code 1
[2025-06-06T20:35:38.015+0000] {taskinstance.py:3280} INFO - 0 downstream tasks scheduled from follow-on schedule check
